797796735
771318010
627389280
966083288
494504444
4867489
731915760
77825819
919601453
102138734
60933727
813784379
893091171
684619089
553400642
791621650
996776546
144259771
277148120
277803580
764036971
753562719
410487577
766770591
124633453
642450724
405601759
35469909
905571993
187725700
717630508
964305329
191463390
385399221
222138864
19508577
813469683
309571549
998091185
871748254
259504272
646920294
139376866
807317180
67120502
716328615
857458982
167656760
163073706
843006560
482814850
839049113
539465740
756236598
965657307
13059388
877151064
869953756
121832644
88531004
759935226
533043160
202839043
987193903
2887077
929086631
916935204
206949520
453961084
286559667
319223970
29640703
873856841
113767557
207264597
800058347
928346706
753267880
516358915
821400637
973101831
773925042
846678465
219395158
797026246
120313976
682725193
668383360
762055522
46111106
901029822
571843829
169498003
237072618
530467599
669206390
713804581
307655961
976043599
465864414
