854588140
542733523
946903179
310081892
217825416
891683096
954180373
144083502
494034863
585008769
66077877
910527415
281469851
534183869
98053821
640517834
895751803
856052583
919195920
841872532
590337051
95250586
707213438
753335944
121602637
283395829
263355786
872786491
850079367
556158483
356586251
514686330
794152524
539428210
163839119
826068013
318851642
308627835
975793902
127566104
830722067
551026344
783533557
238793594
611022345
368387885
158983931
475273419
37258801
546346426
174647993
275082984
642874180
587352285
911386623
778599424
38212159
893981501
300667969
490378531
635226443
420026768
788514656
21884915
619710241
419340602
309657218
940733852
794760728
807021256
315539913
876419569
614987075
634673373
75217160
419883689
370570321
679776269
811008676
516657699
698083124
54216094
246360161
75868003
809105189
210551338
374383729
135027091
689148844
139864399
743269771
442147693
42357521
626969472
661757429
450690415
668424940
566565382
257455390
979665583
