160903647
581319711
274296257
114951969
724538270
346278416
648567794
230579769
958574986
918040876
281338714
824300795
719438459
594395380
353041250
683500769
6251122
407676087
68392320
294299108
1033787
250337891
992140246
11345874
898959859
609478867
586174386
604271235
551399749
538694522
571525476
108901169
521917126
585904235
346872632
374805519
883949402
271662960
466241007
613787379
807363170
863814151
732337045
668764520
591234459
266344856
33246096
462396960
327918752
242028136
783717367
287213819
297702065
634328300
699418439
992302880
835408059
190252987
463609580
19048741
470109050
809751770
590848541
470150419
372704431
394429457
276489425
569071881
816573856
9090205
891336486
429451594
941479685
329223427
280235466
421410544
597573588
902277483
891647871
322666982
595816318
60121138
105669590
663520320
306709839
780431609
137961380
182943044
798682478
853476362
730750987
930606818
148738488
953374556
42095466
863540797
499603067
412909311
786751624
46394541
