23
1
13
10
1
19
105
9
8
85
1
54
5
66
5
16
9
12
32
2
93
77
122
15
15
47
5
7
6
54
3
0
21
2
60
4
21
63
7
29
26
40
27
28
5
24
37
15
9
45
9
6
1
18
11
3
5
32
29
19
33
26
4
53
17
0
23
4
37
84
32
0
88
13
32
33
12
10
15
0
69
8
0
66
0
41
79
15
51
23
2
34
13
28
8
0
91
4
10
29
43
10
3
4
1
2
20
0
7
13
7
7
32
23
0
7
26
25
42
13
36
1
36
141
202
1
0
5
18
17
45
5
75
26
69
0
7
27
0
62
2
64
46
98
38
32
0
7
38
20
7
3
6
0
17
69
6
14
34
14
16
10
1
0
107
58
1
52
1
13
30
55
1
42
13
13
28
74
126
28
36
15
7
81
43
34
36
4
23
0
36
27
95
45
16
5
19
10
55
26
49
15
15
18
1
36
1
13
40
49
3
3
2
52
2
38
34
6
34
42
10
24
1
21
10
25
58
47
5
28
26
33
18
2
16
74
47
6
3
0
11
17
30
9
19
27
13
55
53
3
26
1
36
3
131
44
156
14
5
1
7
33
16
46
31
45
1
22
2
44
13
37
21
29
27
15
1
114
35
26
22
50
13
4
1
24
12
28
19
15
42
33
16
0
37
1
11
3
21
10
18
12
10
56
21
46
0
4
35
0
14
0
2
33
50
40
26
1
0
0
18
32
0
11
5
9
11
7
28
17
98
23
1
82
1
29
18
32
1
24
1
18
3
4
4
0
41
4
22
11
47
123
18
21
0
6
49
29
5
40
14
4
0
19
15
1
0
22
0
42
63
0
1
13
9
40
2
19
20
86
3
9
14
13
20
105
10
123
59
26
10
30
25
11
2
38
2
25
82
1
38
1
69
63
33
3
7
9
0
2
168
16
17
14
11
44
9
77
2
0
0
0
0
57
18
13
1
11
0
42
8
1
10
33
0
18
28
88
0
8
17
22
54
14
25
88
1
35
21
3
8
41
23
15
52
8
60
39
23
27
5
1
17
77
21
2
1
15
31
58
11
8
24
19
7
13
24
101
7
0
9
5
2
58
87
17
27
1
0
25
32
8
35
4
49
21
5
24
12
40
39
17
32
4
4
33
21
3
32
28
31
5
6
6
5
100
82
18
28
29
1
18
1
3
44
13
22
160
22
0
11
18
31
3
48
67
1
36
3
96
8
71
15
89
31
44
0
37
0
48
17
6
0
4
19
9
6
15
0
46
12
5
18
13
9
4
67
0
43
5
9
22
46
2
29
11
70
4
7
10
20
1
22
10
0
32
2
9
6
25
22
2
7
13
18
52
11
9
17
2
16
3
62
2
10
23
2
35
41
15
92
28
7
117
5
5
13
11
13
12
14
37
81
29
50
83
39
59
1
17
23
5
40
59
195
71
1
35
6
7
47
53
38
16
5
0
9
32
7
111
2
10
9
11
18
28
4
0
143
14
53
14
3
0
6
43
2
15
4
14
24
3
16
14
2
54
92
135
0
16
1
17
47
9
4
1
69
23
33
2
1
53
19
26
4
31
0
48
2
6
40
3
0
29
11
1
3
57
33
3
38
1
6
51
0
14
87
57
0
1
14
63
4
38
62
13
29
49
5
60
123
7
15
53
38
1
6
1
1
5
17
3
2
8
11
28
8
4
32
33
5
3
3
10
1
50
11
11
32
20
0
16
14
2
91
92
9
13
33
32
0
68
34
13
14
49
10
3
0
4
2
7
45
80
17
4
9
85
29
1
15
1
8
3
3
32
36
13
9
21
30
327
3
8
14
0
24
29
0
5
0
4
27
74
1
40
3
18
50
8
0
1
76
6
162
14
0
6
1
161
26
49
33
32
63
30
47
30
27
68
9
4
3
2
6
8
0
2
15
5
6
1
97
18
41
3
1
3
36
12
17
9
63
1
37
89
1
51
9
48
13
2
28
16
81
10
8
1
17
28
102
1
42
0
3
9
6
158
0
34
23
0
30
111
13
18
5
11
27
5
58
21
22
11
44
80
5
61
4
12
35
8
43
31
60
23
31
5
7
17
0
9
0
0
43
21
14
10
29
11
0
0
15
67
49
2
4
64
5
18
7
4
131
26
0
28
29
16
67
24
29
39
14
78
8
1
0
5
36
0
80
9
0
0
2
2
36
42
30
31
1
1
30
93
92
13
23
75
58
1
4
5
3
4
51
40
8
21
4
6
7
1
6
45
3
13
11
2
13
0
165
54
13
10
11
229
0
0
4
10
2
44
12
22
4
31
3
44
38
40
31
10
1
150
120
0
26
5
4
20
24
3
49
46
9
60
39
2
34
11
22
17
13
39
3
55
0
13
16
17
12
28
48
7
32
50
15
8
50
3
0
2
39
2
119
87
5
39
18
7
59
45
18
3
86
24
52
4
6
27
17
3
24
48
68
21
2
0
8
7
15
1
28
3
69
40
67
44
8
6
2
4
23
35
23
14
12
7
0
17
95
19
0
7
31
57
9
49
0
85
1
13
0
12
37
17
76
30
7
57
21
68
4
0
14
21
5
18
20
0
23
13
26
7
6
13
12
20
21
9
0
31
63
14
5
6
7
78
157
0
2
0
27
2
6
5
57
66
2
38
6
4
38
39
85
12
107
76
0
18
13
20
25
0
52
31
5
20
98
5
0
41
20
16
75
44
82
64
4
28
0
21
261
1
96
10
12
13
52
52
9
0
13
78
11
59
2
42
26
9
6
13
2
0
6
19
70
0
2
81
98
21
6
45
6
10
39
30
10
8
22
1
0
11
42
22
16
68
92
80
89
4
4
33
2
44
37
4
22
28
22
6
11
3
2
13
28
17
9
5
10
26
21
10
19
52
57
31
16
44
8
0
5
4
48
7
33
2
90
5
2
26
4
34
82
2
41
89
5
15
41
5
0
6
20
54
74
21
58
6
2
3
3
17
0
74
91
14
6
21
1
15
7
105
12
17
20
34
48
27
83
42
2
19
4
1
9
4
30
67
4
23
30
34
16
0
24
33
12
18
35
23
0
20
4
17
41
61
11
11
21
46
3
16
9
55
14
17
34
0
26
9
12
2
0
0
29
17
52
14
81
27
36
92
13
5
2
11
53
24
15
21
1
49
17
10
10
0
3
2
0
25
57
28
2
11
35
18
24
26
17
0
14
2
38
37
12
6
10
14
54
0
25
20
22
41
107
60
1
27
102
22
49
66
21
73
23
0
13
3
2
1
2
0
22
50
20
8
13
80
18
3
37
111
27
0
63
42
0
23
5
27
4
7
45
18
2
2
24
0
14
10
8
30
44
54
0
1
159
56
31
4
6
10
15
11
3
48
8
66
66
2
24
48
2
115
8
3
25
0
25
50
6
47
25
0
30
6
9
57
18
0
97
15
70
6
0
43
3
37
3
16
1
8
5
1
14
15
11
23
25
29
24
3
42
100
0
0
61
42
16
7
1
56
0
4
24
10
34
3
50
19
15
40
34
32
6
2
44
18
45
0
21
50
6
24
14
26
14
40
17
0
1
2
22
15
41
58
0
16
4
73
35
19
3
26
0
27
85
1
16
2
5
1
0
0
22
5
9
0
6
5
15
60
2
11
6
0
17
27
0
14
2
28
30
7
1
22
1
13
0
11
4
5
84
3
63
5
14
20
12
84
22
11
12
2
18
2
2
14
0
7
13
92
3
12
1
21
21
54
24
9
77
55
16
0
8
8
39
13
11
30
3
2
0
9
60
34
32
0
45
32
51
111
6
117
1
0
3
26
74
54
12
63
0
1
167
35
4
6
0
83
1
1
29
53
53
41
40
35
134
29
7
66
10
12
23
3
24
11
15
8
0
81
37
40
35
28
8
26
3
16
1
1
5
2
0
13
16
44
13
0
17
127
13
25
32
0
12
8
2
29
39
9
13
17
0
18
10
0
0
18
21
66
12
3
41
9
56
26
10
0
12
13
74
11
5
32
7
32
7
16
2
33
16
4
5
45
12
65
43
18
80
16
18
0
14
19
1
0
1
0
28
28
10
69
3
13
2
39
22
24
21
14
5
21
65
54
85
80
0
8
5
7
20
17
54
38
16
34
40
5
11
9
16
0
33
0
73
97
2
23
6
3
1
40
89
48
55
1
2
16
26
3
33
36
36
8
0
136
33
48
13
1
5
5
1
7
2
16
44
48
4
3
12
6
15
136
113
2
36
115
7
8
27
44
0
12
6
1
3
29
12
5
4
174
54
101
4
81
7
7
7
12
4
25
0
5
27
3
1
27
69
6
1
52
10
37
63
21
1
34
62
39
14
52
22
1
23
0
1
0
34
1
23
3
34
1
16
5
38
1
40
55
0
32
0
11
19
2
1
3
39
1
13
12
46
28
18
4
33
2
0
93
32
4
51
13
16
52
16
19
24
49
76
25
4
26
11
4
2
9
6
8
52
0
85
82
10
8
8
14
15
15
12
34
8
2
25
60
45
21
60
16
0
29
10
8
3
0
32
6
24
23
7
18
55
57
62
13
0
5
16
1
9
32
14
42
8
7
19
5
2
34
29
7
13
5
15
19
7
34
1
12
71
24
4
5
6
5
53
0
15
45
20
88
9
28
0
86
44
5
0
0
0
2
0
38
32
69
15
43
1
58
12
9
8
138
37
18
14
66
7
5
41
11
36
0
12
35
6
25
44
13
168
21
0
12
1
21
43
1
83
0
6
13
14
0
12
34
0
7
71
20
4
53
0
9
6
20
28
3
3
0
25
24
74
3
44
24
9
35
33
76
87
19
20
34
3
25
14
32
115
13
4
58
4
37
11
8
3
4
157
2
79
8
0
16
5
54
21
5
1
7
0
26
1
29
44
21
90
3
0
2
28
2
0
0
7
78
4
5
55
9
73
9
28
0
7
0
32
106
28
1
38
88
64
22
7
3
1
0
24
6
13
26
114
14
17
96
3
61
21
17
1
24
17
23
33
20
47
25
1
0
8
37
17
11
5
25
5
37
59
13
15
18
11
16
8
25
26
1
11
4
0
9
1
5
23
36
21
116
46
5
63
40
55
28
2
24
24
34
108
48
3
15
66
3
5
10
56
10
54
13
0
19
108
1
37
27
2
8
3
48
18
37
1
0
74
6
22
36
17
29
3
46
105
4
6
5
11
128
41
0
3
58
10
0
47
58
32
6
1
40
67
3
36
0
16
3
18
9
22
23
19
15
3
17
7
78
40
77
23
73
66
15
79
21
69
3
40
26
46
1
7
3
53
3
12
57
4
40
43
4
48
4
18
43
104
52
11
9
163
48
71
7
14
0
0
0
7
9
20
98
16
17
0
3
17
72
2
29
23
1
1
18
11
8
14
72
43
28
32
12
56
7
11
32
8
9
1
7
31
14
2
58
8
14
4
29
76
2
1
7
6
21
66
43
28
25
3
16
3
26
28
34
65
3
24
0
5
0
6
32
19
27
7
0
33
0
14
3
1
123
57
51
4
21
38
24
9
112
37
34
46
11
31
39
115
35
9
3
18
19
39
2
33
12
18
41
6
6
15
3
45
18
66
0
17
2
39
90
21
25
32
17
31
7
26
14
31
15
7
5
26
66
6
22
0
16
0
106
94
26
1
15
5
38
2
0
46
30
0
99
43
29
2
48
18
78
36
4
49
19
42
1
22
42
8
14
4
4
19
26
98
138
64
0
19
8
20
29
55
4
27
24
11
46
10
2
19
3
43
24
9
42
18
20
16
3
7
16
4
26
10
27
26
1
7
1
127
7
54
15
4
0
10
0
17
27
0
0
33
1
14
3
23
2
8
63
55
31
54
3
56
44
4
0
6
27
10
72
81
6
5
5
8
31
37
82
0
0
0
33
36
25
20
16
4
38
6
34
16
27
48
2
10
33
2
42
1
50
1
14
7
17
42
0
18
0
99
0
64
1
106
3
9
8
9
48
87
9
0
14
34
15
7
34
10
13
11
5
13
7
3
102
40
23
0
27
24
1
97
1
1
74
61
25
2
6
18
3
1
17
4
29
29
0
44
1
2
13
14
58
13
60
0
28
48
63
55
179
29
61
6
62
20
24
81
11
5
24
2
29
42
3
26
19
24
20
77
22
25
24
78
13
8
5
0
25
6
38
89
4
1
98
19
9
1
16
10
11
45
154
18
182
1
9
2
6
110
33
31
33
14
0
6
34
11
5
14
65
0
0
24
12
0
25
64
18
0
0
0
6
16
23
6
2
15
6
3
20
35
17
35
3
63
0
37
32
10
11
0
105
72
1
6
1
15
4
61
133
74
14
5
13
13
21
17
3
16
5
7
40
17
94
3
4
22
30
21
0
5
52
64
40
41
9
14
3
7
4
0
44
2
0
0
1
15
1
7
4
68
35
51
16
71
21
12
33
0
59
1
59
26
11
43
44
26
7
30
118
12
25
53
2
13
28
2
23
31
155
27
23
1
12
29
81
0
30
28
28
31
15
21
13
0
13
55
9
66
25
67
3
16
3
2
29
19
0
4
37
4
6
1
21
33
9
2
44
13
9
2
8
11
23
29
51
2
12
16
16
25
7
2
0
17
49
0
0
30
7
103
34
42
22
20
1
3
37
3
1
5
16
14
31
29
30
15
11
69
0
16
17
8
3
32
6
14
10
50
5
23
29
74
16
0
10
0
28
6
33
47
6
9
2
6
5
0
5
22
0
2
43
53
13
43
14
0
61
26
10
36
25
35
7
3
2
15
5
64
4
2
26
39
1
13
2
18
3
1
28
5
38
1
17
88
5
31
6
74
87
42
40
25
3
19
14
22
3
26
1
10
64
19
28
35
2
143
40
100
4
31
0
6
33
18
1
3
30
1
23
4
8
0
1
0
7
35
0
2
20
31
16
96
22
1
45
29
30
0
32
15
17
19
33
46
1
1
172
2
24
102
22
15
26
111
2
6
2
29
0
11
21
2
24
6
15
30
7
3
11
75
4
2
17
11
10
19
29
1
63
85
45
3
26
19
5
4
1
33
1
40
25
10
146
3
55
11
58
17
9
2
67
14
2
83
10
1
0
148
273
8
37
36
10
16
1
5
0
21
4
0
57
36
12
18
5
57
69
90
138
13
148
2
37
1
13
18
4
0
33
6
63
43
94
3
34
110
0
186
19
22
105
23
0
41
22
117
101
29
0
21
75
0
8
2
2
96
17
9
48
105
5
9
1
16
8
43
44
11
27
0
34
38
31
9
19
76
101
41
35
5
13
56
80
4
46
7
15
25
19
4
10
1
57
44
67
1
55
2
8
0
23
9
19
55
2
59
12
9
6
37
12
64
51
0
20
18
8
1
74
57
23
11
53
0
0
29
26
37
46
3
1
32
28
5
37
0
17
77
15
8
34
28
0
18
21
43
10
5
15
29
3
25
44
22
5
41
8
8
3
8
4
113502
