348247544
725808741
501653544
856106391
603449448
368445381
849799346
509951391
160179402
584926298
247060835
234905234
126494409
726733622
584524258
296534038
685227167
218147678
824446134
520688537
915583638
315452070
378024164
41407353
33338433
763388857
429412079
1284815
556369957
701258941
200159343
76543405
745251054
100040693
164696936
499642266
303667464
602610855
176185594
188700501
427732592
774087301
527920898
950465454
502688412
400259670
410701371
132288116
533595281
169816790
337163133
549679364
14158331
131023061
325487831
282413066
590999782
24137464
258031803
519268954
151529195
474824329
455075261
352804394
166564731
463125857
166154397
579439271
199355329
434603588
66467773
837720701
381902911
806728103
994874344
37362156
592915798
866796220
427257395
370145165
765906015
118229338
709426743
317231223
679482454
139853425
314936596
810540576
414281512
586060591
318967936
814097319
74163608
744189131
17718757
352468237
110896583
382671700
556773075
46394541
