21
36
34
23
22
1
20
28
37
31
12
14
36
34
18
34
9
30
39
15
37
42
10
29
28
7
8
18
1
32
12
9
6
51
10
32
33
28
37
12
23
3
29
27
34
11
31
4
34
31
38
38
5
36
1
28
7
34
12
16
11
7
5
38
15
19
13
23
44
9
32
17
16
9
7
46
15
16
32
7
36
12
39
18
36
22
8
39
31
22
24
12
11
36
30
18
19
43
38
17
16
32
38
43
8
11
16
46
22
22
35
22
37
29
17
19
53
5
19
50
27
22
36
8
30
24
34
13
46
16
16
28
6
16
27
39
30
40
24
6
22
19
21
35
21
16
56
12
21
2
39
13
28
45
19
61
26
10
18
15
38
4
28
27
13
23
13
24
32
25
48
67
23
13
6
8
28
53
9
16
6
30
4
50
13
33
56
18
17
36
19
41
16
14
24
26
44
39
47
20
11
30
16
68
37
23
13
26
55
16
39
60
58
69
23
33
37
41
8
4
27
32
12
38
21
34
32
65
11
50
26
5
48
65
26
31
33
24
21
38
11
17
37
71
40
57
9
3
22
43
11
24
71
67
58
8
41
76
16
63
32
26
15
14
68
3
14
72
7
20
45
16
1
44
16
66
6
7
2
70
64
24
23
18
39
67
35
4
28
59
30
43
41
19
14
27
37
22
32
19
21
13
49
11
54
36
10
63
20
4
14
18
2
29
15
46
4
18
40
26
29
43
66
51
15
52
31
21
16
22
26
29
6
7
33
28
46
17
21
15
16
22
31
10
9
43
11
31
26
23
12
17
18
44
36
41
7
53
28
23
23
38
40
36
36
12
22
43
25
36
23
45
37
11
21
40
26
23
6
15
44
58
28
15
46
29
36
3
35
57
43
48
29
32
34
33
34
32
24
25
45
9
6
35
12
7
8
22
33
10
25
24
16
43
9
20
24
35
41
14
8
51
28
22
39
12
30
47
18
5
30
0
25
19
15
31
15
47
46
26
49
16
28
23
12
19
45
45
43
5
8
22
24
8
19
20
31
13
43
28
45
9
39
14
34
9
17
21
12
5
21
39
9
16
48
40
39
32
22
40
60
27
27
11
55
42
44
9
2
30
31
10
47
6
9
46
22
57
8
57
14
18
37
58
33
14
14
27
33
50
37
46
6
