29
5
17
40
19
19
15
31
42
19
6
40
14
3
19
19
41
9
17
18
5
31
13
16
6
8
18
21
2
6
28
9
12
18
29
19
37
16
35
10
14
12
22
32
28
35
22
45
8
13
20
16
26
20
23
21
45
30
11
6
33
33
24
48
34
15
9
37
7
16
31
19
29
17
7
15
13
26
18
22
4
30
12
9
36
16
35
8
16
15
48
8
29
27
40
26
15
30
22
20
4
7
16
29
34
26
18
43
18
33
28
15
5
39
36
26
30
16
28
34
22
10
27
34
3
7
23
19
11
20
21
18
28
28
47
7
9
22
23
13
13
10
17
40
13
20
46
17
10
30
23
36
16
22
14
7
18
9
35
4
9
44
26
7
6
48
24
27
15
44
26
43
38
30
9
13
3
32
44
15
4
15
2
26
28
36
20
32
28
20
13
7
15
18
33
8
7
43
4
32
15
11
16
37
32
23
17
14
45
24
18
14
10
52
43
17
27
9
19
21
32
5
19
41
37
53
27
29
27
38
12
17
25
41
20
5
57
10
6
15
16
22
17
53
37
29
10
13
7
20
13
29
22
13
17
20
28
38
10
28
12
21
17
50
21
26
37
47
57
12
35
34
45
1
37
13
15
11
62
45
54
30
19
6
32
25
24
37
23
23
42
25
31
12
25
32
34
40
